<?xml version="1.0" encoding="UTF-8"?>
<testng-results skipped="0" failed="0" total="1" passed="1">
  <reporter-output>
  </reporter-output>
  <suite name="Default suite" duration-ms="62" started-at="2019-12-11T17:28:44Z" finished-at="2019-12-11T17:28:44Z">
    <groups>
    </groups>
    <test name="Default test" duration-ms="62" started-at="2019-12-11T17:28:44Z" finished-at="2019-12-11T17:28:44Z">
      <class name="com.framework.testscripts.HomePageTests">
        <test-method status="PASS" signature="testfuncdtion()[pri:0, instance:com.framework.testscripts.HomePageTests@4667ae56]" name="testfuncdtion" duration-ms="15" started-at="2019-12-11T22:58:44Z" finished-at="2019-12-11T22:58:44Z">
          <reporter-output>
          </reporter-output>
        </test-method> <!-- testfuncdtion -->
      </class> <!-- com.framework.testscripts.HomePageTests -->
    </test> <!-- Default test -->
  </suite> <!-- Default suite -->
</testng-results>
